{"/Users/manoel/Library/CloudStorage/Dropbox/Pursuit/Module 3/Assessments/accelerator-assessment/backend/app.js": {"path":"/Users/manoel/Library/CloudStorage/Dropbox/Pursuit/Module 3/Assessments/accelerator-assessment/backend/app.js","statementMap":{"0":{"start":{"line":2,"column":20},"end":{"line":2,"column":42}},"1":{"start":{"line":3,"column":16},"end":{"line":3,"column":34}},"2":{"start":{"line":4,"column":13},"end":{"line":4,"column":28}},"3":{"start":{"line":11,"column":4},"end":{"line":11,"column":31}},"4":{"start":{"line":12,"column":25},"end":{"line":12,"column":66}},"5":{"start":{"line":15,"column":12},"end":{"line":15,"column":21}},"6":{"start":{"line":19,"column":0},"end":{"line":19,"column":16}},"7":{"start":{"line":20,"column":0},"end":{"line":20,"column":24}},"8":{"start":{"line":21,"column":0},"end":{"line":21,"column":49}},"9":{"start":{"line":24,"column":0},"end":{"line":26,"column":3}},"10":{"start":{"line":25,"column":2},"end":{"line":25,"column":42}},"11":{"start":{"line":27,"column":0},"end":{"line":27,"column":37}},"12":{"start":{"line":29,"column":0},"end":{"line":31,"column":3}},"13":{"start":{"line":30,"column":2},"end":{"line":30,"column":71}},"14":{"start":{"line":34,"column":0},"end":{"line":34,"column":21}}},"fnMap":{"0":{"name":"(anonymous_0)","decl":{"start":{"line":24,"column":13},"end":{"line":24,"column":14}},"loc":{"start":{"line":24,"column":31},"end":{"line":26,"column":1}},"line":24},"1":{"name":"(anonymous_1)","decl":{"start":{"line":29,"column":13},"end":{"line":29,"column":14}},"loc":{"start":{"line":29,"column":25},"end":{"line":31,"column":1}},"line":29}},"branchMap":{},"s":{"0":2,"1":2,"2":2,"3":2,"4":2,"5":2,"6":2,"7":2,"8":2,"9":2,"10":0,"11":2,"12":2,"13":0,"14":2},"f":{"0":0,"1":0},"b":{},"_coverageSchema":"1a1c01bbd47fc00a2c39e90264f33305004495a9","hash":"f3fefe55ad46443ec1f56722245713a637486c0f"}
,"/Users/manoel/Library/CloudStorage/Dropbox/Pursuit/Module 3/Assessments/accelerator-assessment/backend/controllers/animesController.js": {"path":"/Users/manoel/Library/CloudStorage/Dropbox/Pursuit/Module 3/Assessments/accelerator-assessment/backend/controllers/animesController.js","statementMap":{"0":{"start":{"line":1,"column":16},"end":{"line":1,"column":34}},"1":{"start":{"line":2,"column":15},"end":{"line":2,"column":31}},"2":{"start":{"line":9,"column":4},"end":{"line":9,"column":32}},"3":{"start":{"line":14,"column":4},"end":{"line":14,"column":47}},"4":{"start":{"line":36,"column":0},"end":{"line":43,"column":3}},"5":{"start":{"line":37,"column":2},"end":{"line":42,"column":3}},"6":{"start":{"line":38,"column":22},"end":{"line":38,"column":42}},"7":{"start":{"line":39,"column":4},"end":{"line":39,"column":36}},"8":{"start":{"line":41,"column":4},"end":{"line":41,"column":61}},"9":{"start":{"line":49,"column":0},"end":{"line":61,"column":3}},"10":{"start":{"line":50,"column":2},"end":{"line":60,"column":3}},"11":{"start":{"line":51,"column":19},"end":{"line":51,"column":29}},"12":{"start":{"line":52,"column":18},"end":{"line":52,"column":39}},"13":{"start":{"line":53,"column":4},"end":{"line":57,"column":5}},"14":{"start":{"line":54,"column":6},"end":{"line":54,"column":57}},"15":{"start":{"line":56,"column":6},"end":{"line":56,"column":34}},"16":{"start":{"line":59,"column":4},"end":{"line":59,"column":61}},"17":{"start":{"line":76,"column":0},"end":{"line":84,"column":3}},"18":{"start":{"line":77,"column":2},"end":{"line":83,"column":3}},"19":{"start":{"line":78,"column":34},"end":{"line":78,"column":42}},"20":{"start":{"line":79,"column":18},"end":{"line":79,"column":57}},"21":{"start":{"line":80,"column":4},"end":{"line":80,"column":32}},"22":{"start":{"line":82,"column":4},"end":{"line":82,"column":61}},"23":{"start":{"line":99,"column":0},"end":{"line":112,"column":3}},"24":{"start":{"line":100,"column":17},"end":{"line":100,"column":27}},"25":{"start":{"line":101,"column":2},"end":{"line":111,"column":3}},"26":{"start":{"line":102,"column":18},"end":{"line":102,"column":52}},"27":{"start":{"line":103,"column":4},"end":{"line":103,"column":32}},"28":{"start":{"line":105,"column":4},"end":{"line":110,"column":5}},"29":{"start":{"line":107,"column":6},"end":{"line":107,"column":57}},"30":{"start":{"line":109,"column":6},"end":{"line":109,"column":63}},"31":{"start":{"line":126,"column":0},"end":{"line":138,"column":3}},"32":{"start":{"line":127,"column":17},"end":{"line":127,"column":27}},"33":{"start":{"line":128,"column":2},"end":{"line":137,"column":3}},"34":{"start":{"line":129,"column":18},"end":{"line":129,"column":42}},"35":{"start":{"line":130,"column":4},"end":{"line":134,"column":5}},"36":{"start":{"line":131,"column":6},"end":{"line":131,"column":57}},"37":{"start":{"line":133,"column":6},"end":{"line":133,"column":34}},"38":{"start":{"line":136,"column":4},"end":{"line":136,"column":61}},"39":{"start":{"line":140,"column":0},"end":{"line":140,"column":24}}},"fnMap":{"0":{"name":"(anonymous_0)","decl":{"start":{"line":36,"column":16},"end":{"line":36,"column":17}},"loc":{"start":{"line":36,"column":36},"end":{"line":43,"column":1}},"line":36},"1":{"name":"(anonymous_1)","decl":{"start":{"line":49,"column":19},"end":{"line":49,"column":20}},"loc":{"start":{"line":49,"column":39},"end":{"line":61,"column":1}},"line":49},"2":{"name":"(anonymous_2)","decl":{"start":{"line":76,"column":52},"end":{"line":76,"column":53}},"loc":{"start":{"line":76,"column":72},"end":{"line":84,"column":1}},"line":76},"3":{"name":"(anonymous_3)","decl":{"start":{"line":99,"column":54},"end":{"line":99,"column":55}},"loc":{"start":{"line":99,"column":74},"end":{"line":112,"column":1}},"line":99},"4":{"name":"(anonymous_4)","decl":{"start":{"line":126,"column":22},"end":{"line":126,"column":23}},"loc":{"start":{"line":126,"column":42},"end":{"line":138,"column":1}},"line":126}},"branchMap":{"0":{"loc":{"start":{"line":53,"column":4},"end":{"line":57,"column":5}},"type":"if","locations":[{"start":{"line":53,"column":4},"end":{"line":57,"column":5}},{"start":{"line":55,"column":11},"end":{"line":57,"column":5}}],"line":53},"1":{"loc":{"start":{"line":105,"column":4},"end":{"line":110,"column":5}},"type":"if","locations":[{"start":{"line":105,"column":4},"end":{"line":110,"column":5}},{"start":{"line":108,"column":11},"end":{"line":110,"column":5}}],"line":105},"2":{"loc":{"start":{"line":130,"column":4},"end":{"line":134,"column":5}},"type":"if","locations":[{"start":{"line":130,"column":4},"end":{"line":134,"column":5}},{"start":{"line":132,"column":11},"end":{"line":134,"column":5}}],"line":130}},"s":{"0":2,"1":2,"2":2,"3":2,"4":2,"5":1,"6":1,"7":0,"8":1,"9":2,"10":0,"11":0,"12":0,"13":0,"14":0,"15":0,"16":0,"17":2,"18":1,"19":1,"20":1,"21":0,"22":1,"23":2,"24":2,"25":2,"26":2,"27":1,"28":1,"29":0,"30":1,"31":2,"32":2,"33":2,"34":2,"35":1,"36":1,"37":0,"38":1,"39":2},"f":{"0":1,"1":0,"2":1,"3":2,"4":2},"b":{"0":[0,0],"1":[0,1],"2":[1,0]},"_coverageSchema":"1a1c01bbd47fc00a2c39e90264f33305004495a9","hash":"1855120877fb0fe3694960aa4e1781c8fdfa8c12"}
,"/Users/manoel/Library/CloudStorage/Dropbox/Pursuit/Module 3/Assessments/accelerator-assessment/backend/db/dbConfig.js": {"path":"/Users/manoel/Library/CloudStorage/Dropbox/Pursuit/Module 3/Assessments/accelerator-assessment/backend/db/dbConfig.js","statementMap":{"0":{"start":{"line":1,"column":12},"end":{"line":1,"column":35}},"1":{"start":{"line":2,"column":0},"end":{"line":2,"column":27}},"2":{"start":{"line":4,"column":51},"end":{"line":4,"column":62}},"3":{"start":{"line":6,"column":11},"end":{"line":12,"column":1}},"4":{"start":{"line":14,"column":11},"end":{"line":14,"column":18}},"5":{"start":{"line":16,"column":0},"end":{"line":16,"column":20}}},"fnMap":{},"branchMap":{},"s":{"0":2,"1":2,"2":2,"3":2,"4":2,"5":2},"f":{},"b":{},"_coverageSchema":"1a1c01bbd47fc00a2c39e90264f33305004495a9","hash":"7addad29ff94a508bf771ec01933798cc642cad2"}
,"/Users/manoel/Library/CloudStorage/Dropbox/Pursuit/Module 3/Assessments/accelerator-assessment/backend/queries/animes.js": {"path":"/Users/manoel/Library/CloudStorage/Dropbox/Pursuit/Module 3/Assessments/accelerator-assessment/backend/queries/animes.js","statementMap":{"0":{"start":{"line":1,"column":11},"end":{"line":1,"column":36}},"1":{"start":{"line":3,"column":21},"end":{"line":6,"column":1}},"2":{"start":{"line":4,"column":17},"end":{"line":4,"column":53}},"3":{"start":{"line":5,"column":2},"end":{"line":5,"column":16}},"4":{"start":{"line":8,"column":20},"end":{"line":11,"column":1}},"5":{"start":{"line":9,"column":16},"end":{"line":9,"column":79}},"6":{"start":{"line":10,"column":2},"end":{"line":10,"column":15}},"7":{"start":{"line":13,"column":23},"end":{"line":19,"column":1}},"8":{"start":{"line":14,"column":19},"end":{"line":17,"column":3}},"9":{"start":{"line":18,"column":2},"end":{"line":18,"column":18}},"10":{"start":{"line":21,"column":23},"end":{"line":28,"column":1}},"11":{"start":{"line":22,"column":32},"end":{"line":22,"column":36}},"12":{"start":{"line":23,"column":23},"end":{"line":26,"column":3}},"13":{"start":{"line":27,"column":2},"end":{"line":27,"column":22}},"14":{"start":{"line":30,"column":23},"end":{"line":36,"column":1}},"15":{"start":{"line":31,"column":23},"end":{"line":34,"column":3}},"16":{"start":{"line":35,"column":2},"end":{"line":35,"column":22}},"17":{"start":{"line":38,"column":0},"end":{"line":44,"column":2}}},"fnMap":{"0":{"name":"(anonymous_0)","decl":{"start":{"line":3,"column":21},"end":{"line":3,"column":22}},"loc":{"start":{"line":3,"column":33},"end":{"line":6,"column":1}},"line":3},"1":{"name":"(anonymous_1)","decl":{"start":{"line":8,"column":20},"end":{"line":8,"column":21}},"loc":{"start":{"line":8,"column":39},"end":{"line":11,"column":1}},"line":8},"2":{"name":"(anonymous_2)","decl":{"start":{"line":13,"column":23},"end":{"line":13,"column":24}},"loc":{"start":{"line":13,"column":52},"end":{"line":19,"column":1}},"line":13},"3":{"name":"(anonymous_3)","decl":{"start":{"line":21,"column":23},"end":{"line":21,"column":24}},"loc":{"start":{"line":21,"column":43},"end":{"line":28,"column":1}},"line":21},"4":{"name":"(anonymous_4)","decl":{"start":{"line":30,"column":23},"end":{"line":30,"column":24}},"loc":{"start":{"line":30,"column":37},"end":{"line":36,"column":1}},"line":30}},"branchMap":{},"s":{"0":2,"1":2,"2":0,"3":0,"4":2,"5":0,"6":0,"7":2,"8":0,"9":0,"10":2,"11":0,"12":0,"13":0,"14":2,"15":0,"16":0,"17":2},"f":{"0":0,"1":0,"2":0,"3":0,"4":0},"b":{},"_coverageSchema":"1a1c01bbd47fc00a2c39e90264f33305004495a9","hash":"618f51bee51ff9a9e37e06ff46c42aabe6711408"}
,"/Users/manoel/Library/CloudStorage/Dropbox/Pursuit/Module 3/Assessments/accelerator-assessment/backend/validators/animesValidator.js": {"path":"/Users/manoel/Library/CloudStorage/Dropbox/Pursuit/Module 3/Assessments/accelerator-assessment/backend/validators/animesValidator.js","statementMap":{"0":{"start":{"line":2,"column":2},"end":{"line":10,"column":3}},"1":{"start":{"line":3,"column":4},"end":{"line":3,"column":56}},"2":{"start":{"line":4,"column":9},"end":{"line":10,"column":3}},"3":{"start":{"line":5,"column":4},"end":{"line":5,"column":61}},"4":{"start":{"line":6,"column":9},"end":{"line":10,"column":3}},"5":{"start":{"line":7,"column":4},"end":{"line":7,"column":68}},"6":{"start":{"line":9,"column":4},"end":{"line":9,"column":11}},"7":{"start":{"line":13,"column":2},"end":{"line":21,"column":3}},"8":{"start":{"line":14,"column":4},"end":{"line":14,"column":63}},"9":{"start":{"line":15,"column":9},"end":{"line":21,"column":3}},"10":{"start":{"line":16,"column":4},"end":{"line":16,"column":68}},"11":{"start":{"line":17,"column":9},"end":{"line":21,"column":3}},"12":{"start":{"line":18,"column":4},"end":{"line":18,"column":75}},"13":{"start":{"line":20,"column":4},"end":{"line":20,"column":11}},"14":{"start":{"line":24,"column":0},"end":{"line":24,"column":55}}},"fnMap":{"0":{"name":"validateName","decl":{"start":{"line":1,"column":9},"end":{"line":1,"column":21}},"loc":{"start":{"line":1,"column":38},"end":{"line":11,"column":1}},"line":1},"1":{"name":"validateDescription","decl":{"start":{"line":12,"column":9},"end":{"line":12,"column":28}},"loc":{"start":{"line":12,"column":45},"end":{"line":22,"column":1}},"line":12}},"branchMap":{"0":{"loc":{"start":{"line":2,"column":2},"end":{"line":10,"column":3}},"type":"if","locations":[{"start":{"line":2,"column":2},"end":{"line":10,"column":3}},{"start":{"line":4,"column":9},"end":{"line":10,"column":3}}],"line":2},"1":{"loc":{"start":{"line":4,"column":9},"end":{"line":10,"column":3}},"type":"if","locations":[{"start":{"line":4,"column":9},"end":{"line":10,"column":3}},{"start":{"line":6,"column":9},"end":{"line":10,"column":3}}],"line":4},"2":{"loc":{"start":{"line":6,"column":9},"end":{"line":10,"column":3}},"type":"if","locations":[{"start":{"line":6,"column":9},"end":{"line":10,"column":3}},{"start":{"line":8,"column":9},"end":{"line":10,"column":3}}],"line":6},"3":{"loc":{"start":{"line":13,"column":2},"end":{"line":21,"column":3}},"type":"if","locations":[{"start":{"line":13,"column":2},"end":{"line":21,"column":3}},{"start":{"line":15,"column":9},"end":{"line":21,"column":3}}],"line":13},"4":{"loc":{"start":{"line":15,"column":9},"end":{"line":21,"column":3}},"type":"if","locations":[{"start":{"line":15,"column":9},"end":{"line":21,"column":3}},{"start":{"line":17,"column":9},"end":{"line":21,"column":3}}],"line":15},"5":{"loc":{"start":{"line":17,"column":9},"end":{"line":21,"column":3}},"type":"if","locations":[{"start":{"line":17,"column":9},"end":{"line":21,"column":3}},{"start":{"line":19,"column":9},"end":{"line":21,"column":3}}],"line":17}},"s":{"0":5,"1":0,"2":5,"3":0,"4":5,"5":0,"6":5,"7":5,"8":2,"9":3,"10":0,"11":3,"12":0,"13":3,"14":2},"f":{"0":5,"1":5},"b":{"0":[0,5],"1":[0,5],"2":[0,5],"3":[2,3],"4":[0,3],"5":[0,3]},"_coverageSchema":"1a1c01bbd47fc00a2c39e90264f33305004495a9","hash":"a26ed8f701277126fd03ae127240ddc1166bdc9f"}
}
