TN:
SF:app.js
FN:24,(anonymous_0)
FN:29,(anonymous_1)
FNF:2
FNH:0
FNDA:0,(anonymous_0)
FNDA:0,(anonymous_1)
DA:2,2
DA:3,2
DA:4,2
DA:11,2
DA:12,2
DA:15,2
DA:19,2
DA:20,2
DA:21,2
DA:24,2
DA:25,0
DA:27,2
DA:29,2
DA:30,0
DA:34,2
LF:15
LH:13
BRF:0
BRH:0
end_of_record
TN:
SF:controllers/animesController.js
FN:36,(anonymous_0)
FN:49,(anonymous_1)
FN:76,(anonymous_2)
FN:99,(anonymous_3)
FN:126,(anonymous_4)
FNF:5
FNH:4
FNDA:1,(anonymous_0)
FNDA:0,(anonymous_1)
FNDA:1,(anonymous_2)
FNDA:2,(anonymous_3)
FNDA:2,(anonymous_4)
DA:1,2
DA:2,2
DA:9,2
DA:14,2
DA:36,2
DA:37,1
DA:38,1
DA:39,0
DA:41,1
DA:49,2
DA:50,0
DA:51,0
DA:52,0
DA:53,0
DA:54,0
DA:56,0
DA:59,0
DA:76,2
DA:77,1
DA:78,1
DA:79,1
DA:80,0
DA:82,1
DA:99,2
DA:100,2
DA:101,2
DA:102,2
DA:103,1
DA:105,1
DA:107,0
DA:109,1
DA:126,2
DA:127,2
DA:128,2
DA:129,2
DA:130,1
DA:131,1
DA:133,0
DA:136,1
DA:140,2
LF:40
LH:29
BRDA:53,0,0,0
BRDA:53,0,1,0
BRDA:105,1,0,0
BRDA:105,1,1,1
BRDA:130,2,0,1
BRDA:130,2,1,0
BRF:6
BRH:2
end_of_record
TN:
SF:db/dbConfig.js
FNF:0
FNH:0
DA:1,2
DA:2,2
DA:4,2
DA:6,2
DA:14,2
DA:16,2
LF:6
LH:6
BRF:0
BRH:0
end_of_record
TN:
SF:queries/animes.js
FN:3,(anonymous_0)
FN:8,(anonymous_1)
FN:13,(anonymous_2)
FN:21,(anonymous_3)
FN:30,(anonymous_4)
FNF:5
FNH:0
FNDA:0,(anonymous_0)
FNDA:0,(anonymous_1)
FNDA:0,(anonymous_2)
FNDA:0,(anonymous_3)
FNDA:0,(anonymous_4)
DA:1,2
DA:3,2
DA:4,0
DA:5,0
DA:8,2
DA:9,0
DA:10,0
DA:13,2
DA:14,0
DA:18,0
DA:21,2
DA:22,0
DA:23,0
DA:27,0
DA:30,2
DA:31,0
DA:35,0
DA:38,2
LF:18
LH:7
BRF:0
BRH:0
end_of_record
TN:
SF:validators/animesValidator.js
FN:1,validateName
FN:12,validateDescription
FNF:2
FNH:2
FNDA:5,validateName
FNDA:5,validateDescription
DA:2,5
DA:3,0
DA:4,5
DA:5,0
DA:6,5
DA:7,0
DA:9,5
DA:13,5
DA:14,2
DA:15,3
DA:16,0
DA:17,3
DA:18,0
DA:20,3
DA:24,2
LF:15
LH:10
BRDA:2,0,0,0
BRDA:2,0,1,5
BRDA:4,1,0,0
BRDA:4,1,1,5
BRDA:6,2,0,0
BRDA:6,2,1,5
BRDA:13,3,0,2
BRDA:13,3,1,3
BRDA:15,4,0,0
BRDA:15,4,1,3
BRDA:17,5,0,0
BRDA:17,5,1,3
BRF:12
BRH:7
end_of_record
